<?xml version="1.0" encoding="UTF-8"?>
<!-- Generated by org.testng.reporters.JUnitXMLReporter -->
<testsuite hostname="cca-lg36-0818.cs.bham.ac.uk" name="Default test" tests="3" failures="0" timestamp="26 Mar 2015 17:31:10 GMT" time="0.15" errors="0">
  <testcase name="rangeToObstacleTest" time="0.051" classname="mapping.GridMapTest"/>
  <testcase name="rectangularMapTest" time="0.045" classname="mapping.GridMapTest"/>
  <testcase name="testMapTest" time="0.008" classname="mapping.GridMapTest"/>
</testsuite> <!-- Default test -->
